# JRE version: Java(TM) SE Runtime Environment (7.0_45-b18) (build 1.7.0_45-b18)
# Java VM: Java HotSpot(TM) Client VM (24.45-b08 mixed mode windows-x86 )
Heap
 def new generation   total 4928K, used 3805K [0x03860000, 0x03db0000, 0x08db0000)
  eden space 4416K,  85% used [0x03860000, 0x03c0f188, 0x03cb0000)
  from space 512K,   6% used [0x03d30000, 0x03d38558, 0x03db0000)
  to   space 512K,   0% used [0x03cb0000, 0x03cb0000, 0x03d30000)
 tenured generation   total 10944K, used 6312K [0x08db0000, 0x09860000, 0x13860000)
   the space 10944K,  57% used [0x08db0000, 0x093da2d8, 0x093da400, 0x09860000)
 compacting perm gen  total 12288K, used 8856K [0x13860000, 0x14460000, 0x17860000)
   the space 12288K,  72% used [0x13860000, 0x14106378, 0x14106400, 0x14460000)
GC Heap History (10 events):
Event: 12172.397 GC heap before
{Heap before GC invocations=74 (full 0):
 def new generation   total 4928K, used 4453K [0x03860000, 0x03db0000, 0x08db0000)
  eden space 4416K, 100% used [0x03860000, 0x03cb0000, 0x03cb0000)
  from space 512K,   7% used [0x03cb0000, 0x03cb9678, 0x03d30000)
  to   space 512K,   0% used [0x03d30000, 0x03d30000, 0x03db0000)
 tenured generation   total 10944K, used 6312K [0x08db0000, 0x09860000, 0x13860000)
   the space 10944K,  57% used [0x08db0000, 0x093da1f0, 0x093da200, 0x09860000)
 compacting perm gen  total 12288K, used 8856K [0x13860000, 0x14460000, 0x17860000)
   the space 12288K,  72% used [0x13860000, 0x14106348, 0x14106400, 0x14460000)
No shared spaces configured.
Event: 12172.399 GC heap after
Heap after GC invocations=75 (full 0):
 def new generation   total 4928K, used 27K [0x03860000, 0x03db0000, 0x08db0000)
  eden space 4416K,   0% used [0x03860000, 0x03860000, 0x03cb0000)
  from space 512K,   5% used [0x03d30000, 0x03d36f60, 0x03db0000)
  to   space 512K,   0% used [0x03cb0000, 0x03cb0000, 0x03d30000)
 tenured generation   total 10944K, used 6312K [0x08db0000, 0x09860000, 0x13860000)
   the space 10944K,  57% used [0x08db0000, 0x093da1f0, 0x093da200, 0x09860000)
 compacting perm gen  total 12288K, used 8856K [0x13860000, 0x14460000, 0x17860000)
   the space 12288K,  72% used [0x13860000, 0x14106348, 0x14106400, 0x14460000)
No shared spaces configured.
}
Event: 12959.340 GC heap before
{Heap before GC invocations=75 (full 0):
 def new generation   total 4928K, used 4443K [0x03860000, 0x03db0000, 0x08db0000)
  eden space 4416K, 100% used [0x03860000, 0x03cb0000, 0x03cb0000)
  from space 512K,   5% used [0x03d30000, 0x03d36f60, 0x03db0000)
  to   space 512K,   0% used [0x03cb0000, 0x03cb0000, 0x03d30000)
 tenured generation   total 10944K, used 6312K [0x08db0000, 0x09860000, 0x13860000)
   the space 10944K,  57% used [0x08db0000, 0x093da1f0, 0x093da200, 0x09860000)
 compacting perm gen  total 12288K, used 8856K [0x13860000, 0x14460000, 0x17860000)
   the space 12288K,  72% used [0x13860000, 0x14106348, 0x14106400, 0x14460000)
No shared spaces configured.
Event: 12959.341 GC heap after
Heap after GC invocations=76 (full 0):
 def new generation   total 4928K, used 31K [0x03860000, 0x03db0000, 0x08db0000)
  eden space 4416K,   0% used [0x03860000, 0x03860000, 0x03cb0000)
  from space 512K,   6% used [0x03cb0000, 0x03cb7d08, 0x03d30000)
  to   space 512K,   0% used [0x03d30000, 0x03d30000, 0x03db0000)
 tenured generation   total 10944K, used 6312K [0x08db0000, 0x09860000, 0x13860000)
   the space 10944K,  57% used [0x08db0000, 0x093da2d8, 0x093da400, 0x09860000)
 compacting perm gen  total 12288K, used 8856K [0x13860000, 0x14460000, 0x17860000)
   the space 12288K,  72% used [0x13860000, 0x14106348, 0x14106400, 0x14460000)
No shared spaces configured.
}
Event: 13653.883 GC heap before
{Heap before GC invocations=76 (full 0):
 def new generation   total 4928K, used 4447K [0x03860000, 0x03db0000, 0x08db0000)
  eden space 4416K, 100% used [0x03860000, 0x03cb0000, 0x03cb0000)
  from space 512K,   6% used [0x03cb0000, 0x03cb7d08, 0x03d30000)
  to   space 512K,   0% used [0x03d30000, 0x03d30000, 0x03db0000)
 tenured generation   total 10944K, used 6312K [0x08db0000, 0x09860000, 0x13860000)
   the space 10944K,  57% used [0x08db0000, 0x093da2d8, 0x093da400, 0x09860000)
 compacting perm gen  total 12288K, used 8856K [0x13860000, 0x14460000, 0x17860000)
   the space 12288K,  72% used [0x13860000, 0x14106348, 0x14106400, 0x14460000)
No shared spaces configured.
Event: 13653.884 GC heap after
Heap after GC invocations=77 (full 0):
 def new generation   total 4928K, used 34K [0x03860000, 0x03db0000, 0x08db0000)
  eden space 4416K,   0% used [0x03860000, 0x03860000, 0x03cb0000)
  from space 512K,   6% used [0x03d30000, 0x03d38a58, 0x03db0000)
  to   space 512K,   0% used [0x03cb0000, 0x03cb0000, 0x03d30000)
 tenured generation   total 10944K, used 6312K [0x08db0000, 0x09860000, 0x13860000)
   the space 10944K,  57% used [0x08db0000, 0x093da2d8, 0x093da400, 0x09860000)
 compacting perm gen  total 12288K, used 8856K [0x13860000, 0x14460000, 0x17860000)
   the space 12288K,  72% used [0x13860000, 0x14106348, 0x14106400, 0x14460000)
No shared spaces configured.
}
Event: 13714.958 GC heap before
{Heap before GC invocations=77 (full 0):
 def new generation   total 4928K, used 4450K [0x03860000, 0x03db0000, 0x08db0000)
  eden space 4416K, 100% used [0x03860000, 0x03cb0000, 0x03cb0000)
  from space 512K,   6% used [0x03d30000, 0x03d38a58, 0x03db0000)
  to   space 512K,   0% used [0x03cb0000, 0x03cb0000, 0x03d30000)
 tenured generation   total 10944K, used 6312K [0x08db0000, 0x09860000, 0x13860000)
   the space 10944K,  57% used [0x08db0000, 0x093da2d8, 0x093da400, 0x09860000)
 compacting perm gen  total 12288K, used 8856K [0x13860000, 0x14460000, 0x17860000)
   the space 12288K,  72% used [0x13860000, 0x14106348, 0x14106400, 0x14460000)
No shared spaces configured.
Event: 13714.960 GC heap after
Heap after GC invocations=78 (full 0):
 def new generation   total 4928K, used 35K [0x03860000, 0x03db0000, 0x08db0000)
  eden space 4416K,   0% used [0x03860000, 0x03860000, 0x03cb0000)
  from space 512K,   6% used [0x03cb0000, 0x03cb8ef0, 0x03d30000)
  to   space 512K,   0% used [0x03d30000, 0x03d30000, 0x03db0000)
 tenured generation   total 10944K, used 6312K [0x08db0000, 0x09860000, 0x13860000)
   the space 10944K,  57% used [0x08db0000, 0x093da2d8, 0x093da400, 0x09860000)
 compacting perm gen  total 12288K, used 8856K [0x13860000, 0x14460000, 0x17860000)
   the space 12288K,  72% used [0x13860000, 0x14106348, 0x14106400, 0x14460000)
No shared spaces configured.
}
Event: 13779.954 GC heap before
{Heap before GC invocations=78 (full 0):
 def new generation   total 4928K, used 4451K [0x03860000, 0x03db0000, 0x08db0000)
  eden space 4416K, 100% used [0x03860000, 0x03cb0000, 0x03cb0000)
  from space 512K,   6% used [0x03cb0000, 0x03cb8ef0, 0x03d30000)
  to   space 512K,   0% used [0x03d30000, 0x03d30000, 0x03db0000)
 tenured generation   total 10944K, used 6312K [0x08db0000, 0x09860000, 0x13860000)
   the space 10944K,  57% used [0x08db0000, 0x093da2d8, 0x093da400, 0x09860000)
 compacting perm gen  total 12288K, used 8856K [0x13860000, 0x14460000, 0x17860000)
   the space 12288K,  72% used [0x13860000, 0x14106348, 0x14106400, 0x14460000)
No shared spaces configured.
Event: 13779.955 GC heap after
Heap after GC invocations=79 (full 0):
 def new generation   total 4928K, used 33K [0x03860000, 0x03db0000, 0x08db0000)
  eden space 4416K,   0% used [0x03860000, 0x03860000, 0x03cb0000)
  from space 512K,   6% used [0x03d30000, 0x03d38558, 0x03db0000)
  to   space 512K,   0% used [0x03cb0000, 0x03cb0000, 0x03d30000)
 tenured generation   total 10944K, used 6312K [0x08db0000, 0x09860000, 0x13860000)
   the space 10944K,  57% used [0x08db0000, 0x093da2d8, 0x093da400, 0x09860000)
 compacting perm gen  total 12288K, used 8856K [0x13860000, 0x14460000, 0x17860000)
   the space 12288K,  72% used [0x13860000, 0x14106348, 0x14106400, 0x14460000)
No shared spaces configured.
}

